Using pre-set license
Built from '2020.3/staging' branch; Version is '2020.3.13f1 (71691879b7f5) revision 7432472'; Using compiler version '192528614'; Build Type 'Release'
OS: 'Windows 10 Home Single Language; OS build 19043.1110; Version 2009; 64bit' Language: 'en' Physical Memory: 16234 MB
BatchMode: 1, IsHumanControllingUs: 0, StartBugReporterOnCrash: 0, Is64bit: 1, IsPro: 0

 COMMAND LINE ARGUMENTS:
E:\Gamedev\2020.3.13f1\Editor\Unity.exe
-adb2
-batchMode
-noUpm
-name
AssetImportWorker0
-projectPath
D:/Game Dev/Gemastik/Project Gemastik Blue
-logFile
Logs/AssetImportWorker0.log
-srvPort
55814
Successfully changed project path to: D:/Game Dev/Gemastik/Project Gemastik Blue
D:/Game Dev/Gemastik/Project Gemastik Blue
Using Asset Import Pipeline V2.
Refreshing native plugins compatible for Editor in 69.80 ms, found 3 plugins.
Preloading 0 native plugins for Editor in 0.00 ms.
Initialize engine version: 2020.3.13f1 (71691879b7f5)
[Subsystems] Discovering subsystems at path E:/Gamedev/2020.3.13f1/Editor/Data/Resources/UnitySubsystems
[Subsystems] Discovering subsystems at path D:/Game Dev/Gemastik/Project Gemastik Blue/Assets
GfxDevice: creating device client; threaded=0
Direct3D:
    Version:  Direct3D 11.0 [level 11.1]
    Renderer: NVIDIA GeForce GTX 1050 (ID=0x1c8d)
    Vendor:   
    VRAM:     4019 MB
    Driver:   27.21.14.5167
Initialize mono
Mono path[0] = 'E:/Gamedev/2020.3.13f1/Editor/Data/Managed'
Mono path[1] = 'E:/Gamedev/2020.3.13f1/Editor/Data/MonoBleedingEdge/lib/mono/unityjit'
Mono config path = 'E:/Gamedev/2020.3.13f1/Editor/Data/MonoBleedingEdge/etc'
Using monoOptions --debugger-agent=transport=dt_socket,embedding=1,server=y,suspend=n,address=127.0.0.1:56972
Begin MonoManager ReloadAssembly
Registering precompiled unity dll's ...
Register platform support module: E:/Gamedev/2020.3.13f1/Editor/Data/PlaybackEngines/WindowsStandaloneSupport/UnityEditor.WindowsStandalone.Extensions.dll
Registered in 0.001741 seconds.
Native extension for WindowsStandalone target not found
Refreshing native plugins compatible for Editor in 83.14 ms, found 3 plugins.
Preloading 0 native plugins for Editor in 0.00 ms.
Mono: successfully reloaded assembly
- Completed reload, in  2.568 seconds
Platform modules already initialized, skipping
Registering precompiled user dll's ...
Registered in 0.004946 seconds.
Begin MonoManager ReloadAssembly
Native extension for WindowsStandalone target not found
Refreshing native plugins compatible for Editor in 67.51 ms, found 3 plugins.
Preloading 0 native plugins for Editor in 0.00 ms.
Mono: successfully reloaded assembly
- Completed reload, in  1.943 seconds
Platform modules already initialized, skipping
========================================================================
Worker process is ready to serve import requests
Launched and connected shader compiler UnityShaderCompiler.exe after 0.09 seconds
Refreshing native plugins compatible for Editor in 1.07 ms, found 3 plugins.
Preloading 0 native plugins for Editor in 0.00 ms.
Unloading 2102 Unused Serialized files (Serialized files now loaded: 0)
System memory in use before: 93.7 MB.
System memory in use after: 93.6 MB.

Unloading 33 unused Assets to reduce memory usage. Loaded Objects now: 2536.
Total: 3.287600 ms (FindLiveObjects: 0.274500 ms CreateObjectMapping: 0.133300 ms MarkObjects: 2.684000 ms  DeleteObjects: 0.193900 ms)

AssetImportParameters requested are different than current active one (requested -> active):
  custom:framework-win-MediaFoundation: 216162199b28c13a410421893ffa2e32 -> 
  custom:video-decoder-ogg-theora: a1e56fd34408186e4bbccfd4996cb3dc -> 
  custom:container-muxer-webm: aa71ff27fc2769a1b78a27578f13a17b -> 
  custom:container-demuxer-webm: 4f35f7cbe854078d1ac9338744f61a02 -> 
  custom:container-demuxer-ogg: 62fdf1f143b41e24485cea50d1cbac27 -> 
  custom:video-encoder-webm-vp8: eb34c28f22e8b96e1ab97ce403110664 -> 
  custom:video-decoder-webm-vp8: 9c59270c3fd7afecdb556c50c9e8de78 -> 
  custom:audio-decoder-ogg-vorbis: bf7c407c2cedff20999df2af8eb42d56 -> 
  custom:audio-encoder-webm-vorbis: bf7c407c2cedff20999df2af8eb42d56 -> 
========================================================================
Received Import Request.
  path: Assets/Scripts/GameManager.cs
  artifactKey: Guid(d41568273232b4f4b8ff2e628ed3debb) Importer(815301076,1909f56bfc062723c751e8b465ee728b)
Start importing Assets/Scripts/GameManager.cs using Guid(d41568273232b4f4b8ff2e628ed3debb) Importer(815301076,1909f56bfc062723c751e8b465ee728b)  -> (artifact id: '566d97d9020a2630d8b6559525e8ee5a') in 0.110477 seconds 
  Import took 0.116175 seconds .

========================================================================
Received Prepare
Registering precompiled user dll's ...
Registered in 0.004710 seconds.
Begin MonoManager ReloadAssembly
Native extension for WindowsStandalone target not found
Refreshing native plugins compatible for Editor in 0.64 ms, found 3 plugins.
Preloading 0 native plugins for Editor in 0.00 ms.
Mono: successfully reloaded assembly
- Completed reload, in  1.757 seconds
Platform modules already initialized, skipping
Switching build target platform(19) subTarget(0) extendedPlatform(0) -> platform(13) subTarget(537395200) extendedPlatform(0)
Refreshing native plugins compatible for Editor in 0.64 ms, found 3 plugins.
Preloading 0 native plugins for Editor in 0.00 ms.
Unloading 2100 Unused Serialized files (Serialized files now loaded: 0)
System memory in use before: 93.7 MB.
System memory in use after: 93.7 MB.

Unloading 21 unused Assets to reduce memory usage. Loaded Objects now: 2539.
Total: 3.733500 ms (FindLiveObjects: 0.262500 ms CreateObjectMapping: 0.114200 ms MarkObjects: 3.213700 ms  DeleteObjects: 0.141700 ms)

AssetImportParameters requested are different than current active one (requested -> active):
  custom:framework-win-MediaFoundation: 216162199b28c13a410421893ffa2e32 -> 
  custom:video-decoder-ogg-theora: a1e56fd34408186e4bbccfd4996cb3dc -> 
  custom:container-muxer-webm: aa71ff27fc2769a1b78a27578f13a17b -> 
  custom:container-demuxer-webm: 4f35f7cbe854078d1ac9338744f61a02 -> 
  custom:container-demuxer-ogg: 62fdf1f143b41e24485cea50d1cbac27 -> 
  custom:video-encoder-webm-vp8: eb34c28f22e8b96e1ab97ce403110664 -> 
  custom:video-decoder-webm-vp8: 9c59270c3fd7afecdb556c50c9e8de78 -> 
  custom:graphics/normal-map-encoding: 01000000000000000000000000000000 -> 02000000000000000000000000000000
  custom:audio-decoder-ogg-vorbis: bf7c407c2cedff20999df2af8eb42d56 -> 
  custom:audio-encoder-webm-vorbis: bf7c407c2cedff20999df2af8eb42d56 -> 
========================================================================
Received Import Request.
  Time since last request: 169.836576 seconds.
  path: Assets/Scripts/GameManager.cs
  artifactKey: Guid(d41568273232b4f4b8ff2e628ed3debb) Importer(815301076,1909f56bfc062723c751e8b465ee728b)
Start importing Assets/Scripts/GameManager.cs using Guid(d41568273232b4f4b8ff2e628ed3debb) Importer(815301076,1909f56bfc062723c751e8b465ee728b)  -> (artifact id: '8fb09f734c781a176608eebc6ae8b9cf') in 0.007301 seconds 
  Import took 0.012352 seconds .

========================================================================
Received Import Request.
  Time since last request: 0.126928 seconds.
  path: Assets/Scripts/GameManager.cs
  artifactKey: Guid(d41568273232b4f4b8ff2e628ed3debb) Importer(815301076,1909f56bfc062723c751e8b465ee728b)
Start importing Assets/Scripts/GameManager.cs using Guid(d41568273232b4f4b8ff2e628ed3debb) Importer(815301076,1909f56bfc062723c751e8b465ee728b)  -> (artifact id: '8fb09f734c781a176608eebc6ae8b9cf') in 0.003516 seconds 
  Import took 0.008388 seconds .

========================================================================
Received Prepare
Registering precompiled user dll's ...
Registered in 0.004685 seconds.
Begin MonoManager ReloadAssembly
Native extension for WindowsStandalone target not found
Refreshing native plugins compatible for Editor in 0.65 ms, found 3 plugins.
Preloading 0 native plugins for Editor in 0.00 ms.
Mono: successfully reloaded assembly
- Completed reload, in  1.591 seconds
Platform modules already initialized, skipping
Switching build target platform(19) subTarget(0) extendedPlatform(0) -> platform(13) subTarget(537395200) extendedPlatform(0)
Refreshing native plugins compatible for Editor in 0.61 ms, found 3 plugins.
Preloading 0 native plugins for Editor in 0.00 ms.
Unloading 2100 Unused Serialized files (Serialized files now loaded: 0)
System memory in use before: 93.7 MB.
System memory in use after: 93.7 MB.

Unloading 21 unused Assets to reduce memory usage. Loaded Objects now: 2542.
Total: 3.407900 ms (FindLiveObjects: 0.254400 ms CreateObjectMapping: 0.114200 ms MarkObjects: 2.857500 ms  DeleteObjects: 0.180400 ms)

AssetImportParameters requested are different than current active one (requested -> active):
  custom:framework-win-MediaFoundation: 216162199b28c13a410421893ffa2e32 -> 
  custom:video-decoder-ogg-theora: a1e56fd34408186e4bbccfd4996cb3dc -> 
  custom:container-muxer-webm: aa71ff27fc2769a1b78a27578f13a17b -> 
  custom:container-demuxer-webm: 4f35f7cbe854078d1ac9338744f61a02 -> 
  custom:container-demuxer-ogg: 62fdf1f143b41e24485cea50d1cbac27 -> 
  custom:video-encoder-webm-vp8: eb34c28f22e8b96e1ab97ce403110664 -> 
  custom:video-decoder-webm-vp8: 9c59270c3fd7afecdb556c50c9e8de78 -> 
  custom:graphics/normal-map-encoding: 01000000000000000000000000000000 -> 02000000000000000000000000000000
  custom:audio-decoder-ogg-vorbis: bf7c407c2cedff20999df2af8eb42d56 -> 
  custom:audio-encoder-webm-vorbis: bf7c407c2cedff20999df2af8eb42d56 -> 
========================================================================
Received Prepare
Registering precompiled user dll's ...
Registered in 0.004639 seconds.
Begin MonoManager ReloadAssembly
Native extension for WindowsStandalone target not found
Refreshing native plugins compatible for Editor in 0.63 ms, found 3 plugins.
Preloading 0 native plugins for Editor in 0.00 ms.
Mono: successfully reloaded assembly
- Completed reload, in  1.653 seconds
Platform modules already initialized, skipping
Switching build target platform(19) subTarget(0) extendedPlatform(0) -> platform(13) subTarget(537395200) extendedPlatform(0)
Refreshing native plugins compatible for Editor in 0.60 ms, found 3 plugins.
Preloading 0 native plugins for Editor in 0.00 ms.
Unloading 2100 Unused Serialized files (Serialized files now loaded: 0)
System memory in use before: 93.8 MB.
System memory in use after: 93.8 MB.

Unloading 21 unused Assets to reduce memory usage. Loaded Objects now: 2545.
Total: 3.475300 ms (FindLiveObjects: 0.257600 ms CreateObjectMapping: 0.107900 ms MarkObjects: 2.962300 ms  DeleteObjects: 0.145900 ms)

AssetImportParameters requested are different than current active one (requested -> active):
  custom:framework-win-MediaFoundation: 216162199b28c13a410421893ffa2e32 -> 
  custom:video-decoder-ogg-theora: a1e56fd34408186e4bbccfd4996cb3dc -> 
  custom:container-muxer-webm: aa71ff27fc2769a1b78a27578f13a17b -> 
  custom:container-demuxer-webm: 4f35f7cbe854078d1ac9338744f61a02 -> 
  custom:container-demuxer-ogg: 62fdf1f143b41e24485cea50d1cbac27 -> 
  custom:video-encoder-webm-vp8: eb34c28f22e8b96e1ab97ce403110664 -> 
  custom:video-decoder-webm-vp8: 9c59270c3fd7afecdb556c50c9e8de78 -> 
  custom:graphics/normal-map-encoding: 01000000000000000000000000000000 -> 02000000000000000000000000000000
  custom:audio-decoder-ogg-vorbis: bf7c407c2cedff20999df2af8eb42d56 -> 
  custom:audio-encoder-webm-vorbis: bf7c407c2cedff20999df2af8eb42d56 -> 
========================================================================
Received Prepare
Registering precompiled user dll's ...
Registered in 0.004891 seconds.
Begin MonoManager ReloadAssembly
Native extension for WindowsStandalone target not found
Refreshing native plugins compatible for Editor in 0.66 ms, found 3 plugins.
Preloading 0 native plugins for Editor in 0.00 ms.
Mono: successfully reloaded assembly
- Completed reload, in  1.716 seconds
Platform modules already initialized, skipping
Switching build target platform(19) subTarget(0) extendedPlatform(0) -> platform(13) subTarget(537395200) extendedPlatform(0)
Refreshing native plugins compatible for Editor in 0.62 ms, found 3 plugins.
Preloading 0 native plugins for Editor in 0.00 ms.
Unloading 2100 Unused Serialized files (Serialized files now loaded: 0)
System memory in use before: 93.8 MB.
System memory in use after: 93.8 MB.

Unloading 21 unused Assets to reduce memory usage. Loaded Objects now: 2548.
Total: 3.723200 ms (FindLiveObjects: 0.256300 ms CreateObjectMapping: 0.113600 ms MarkObjects: 3.207700 ms  DeleteObjects: 0.144200 ms)

AssetImportParameters requested are different than current active one (requested -> active):
  custom:framework-win-MediaFoundation: 216162199b28c13a410421893ffa2e32 -> 
  custom:video-decoder-ogg-theora: a1e56fd34408186e4bbccfd4996cb3dc -> 
  custom:container-muxer-webm: aa71ff27fc2769a1b78a27578f13a17b -> 
  custom:container-demuxer-webm: 4f35f7cbe854078d1ac9338744f61a02 -> 
  custom:container-demuxer-ogg: 62fdf1f143b41e24485cea50d1cbac27 -> 
  custom:video-encoder-webm-vp8: eb34c28f22e8b96e1ab97ce403110664 -> 
  custom:video-decoder-webm-vp8: 9c59270c3fd7afecdb556c50c9e8de78 -> 
  custom:graphics/normal-map-encoding: 01000000000000000000000000000000 -> 02000000000000000000000000000000
  custom:audio-decoder-ogg-vorbis: bf7c407c2cedff20999df2af8eb42d56 -> 
  custom:audio-encoder-webm-vorbis: bf7c407c2cedff20999df2af8eb42d56 -> 
========================================================================
Received Import Request.
  Time since last request: 239.399520 seconds.
  path: Assets/Scenes/RaceScene.unity
  artifactKey: Guid(2cda990e2423bbf4892e6590ba056729) Importer(815301076,1909f56bfc062723c751e8b465ee728b)
Start importing Assets/Scenes/RaceScene.unity using Guid(2cda990e2423bbf4892e6590ba056729) Importer(815301076,1909f56bfc062723c751e8b465ee728b)  -> (artifact id: '1d360774e0942aa9ef7217277d335c1b') in 0.030125 seconds 
  Import took 0.034910 seconds .

========================================================================
Received Import Request.
  Time since last request: 21.067975 seconds.
  path: Assets/Scenes/HomeScene.unity
  artifactKey: Guid(dfade1117afb5704ea1867abcbdc65a0) Importer(815301076,1909f56bfc062723c751e8b465ee728b)
Start importing Assets/Scenes/HomeScene.unity using Guid(dfade1117afb5704ea1867abcbdc65a0) Importer(815301076,1909f56bfc062723c751e8b465ee728b)  -> (artifact id: 'fe66826467f27122679c98e8374b8f47') in 0.051336 seconds 
  Import took 0.056218 seconds .

========================================================================
Received Prepare
Registering precompiled user dll's ...
Registered in 0.004691 seconds.
Begin MonoManager ReloadAssembly
Native extension for WindowsStandalone target not found
Refreshing native plugins compatible for Editor in 0.63 ms, found 3 plugins.
Preloading 0 native plugins for Editor in 0.00 ms.
Mono: successfully reloaded assembly
- Completed reload, in  1.546 seconds
Platform modules already initialized, skipping
Switching build target platform(19) subTarget(0) extendedPlatform(0) -> platform(13) subTarget(537395200) extendedPlatform(0)
Refreshing native plugins compatible for Editor in 0.61 ms, found 3 plugins.
Preloading 0 native plugins for Editor in 0.00 ms.
Unloading 2100 Unused Serialized files (Serialized files now loaded: 0)
System memory in use before: 93.8 MB.
System memory in use after: 93.8 MB.

Unloading 21 unused Assets to reduce memory usage. Loaded Objects now: 2551.
Total: 3.386800 ms (FindLiveObjects: 0.269100 ms CreateObjectMapping: 0.123600 ms MarkObjects: 2.848700 ms  DeleteObjects: 0.143800 ms)

AssetImportParameters requested are different than current active one (requested -> active):
  custom:framework-win-MediaFoundation: 216162199b28c13a410421893ffa2e32 -> 
  custom:video-decoder-ogg-theora: a1e56fd34408186e4bbccfd4996cb3dc -> 
  custom:container-muxer-webm: aa71ff27fc2769a1b78a27578f13a17b -> 
  custom:container-demuxer-webm: 4f35f7cbe854078d1ac9338744f61a02 -> 
  custom:container-demuxer-ogg: 62fdf1f143b41e24485cea50d1cbac27 -> 
  custom:video-encoder-webm-vp8: eb34c28f22e8b96e1ab97ce403110664 -> 
  custom:video-decoder-webm-vp8: 9c59270c3fd7afecdb556c50c9e8de78 -> 
  custom:graphics/normal-map-encoding: 01000000000000000000000000000000 -> 02000000000000000000000000000000
  custom:audio-decoder-ogg-vorbis: bf7c407c2cedff20999df2af8eb42d56 -> 
  custom:audio-encoder-webm-vorbis: bf7c407c2cedff20999df2af8eb42d56 -> 
========================================================================
Received Import Request.
  Time since last request: 151.605924 seconds.
  path: Assets/Scenes/RaceScene.unity
  artifactKey: Guid(2cda990e2423bbf4892e6590ba056729) Importer(815301076,1909f56bfc062723c751e8b465ee728b)
Start importing Assets/Scenes/RaceScene.unity using Guid(2cda990e2423bbf4892e6590ba056729) Importer(815301076,1909f56bfc062723c751e8b465ee728b)  -> (artifact id: '86db4369b8575a371d4b3a8ce074230e') in 0.024061 seconds 
  Import took 0.028965 seconds .

========================================================================
Received Prepare
Registering precompiled user dll's ...
Registered in 0.004704 seconds.
Begin MonoManager ReloadAssembly
Native extension for WindowsStandalone target not found
Refreshing native plugins compatible for Editor in 0.85 ms, found 3 plugins.
Preloading 0 native plugins for Editor in 0.00 ms.
Mono: successfully reloaded assembly
- Completed reload, in  1.584 seconds
Platform modules already initialized, skipping
Switching build target platform(19) subTarget(0) extendedPlatform(0) -> platform(13) subTarget(537395200) extendedPlatform(0)
Refreshing native plugins compatible for Editor in 0.64 ms, found 3 plugins.
Preloading 0 native plugins for Editor in 0.00 ms.
Unloading 2100 Unused Serialized files (Serialized files now loaded: 0)
System memory in use before: 93.8 MB.
System memory in use after: 93.8 MB.

Unloading 21 unused Assets to reduce memory usage. Loaded Objects now: 2554.
Total: 4.851700 ms (FindLiveObjects: 0.271800 ms CreateObjectMapping: 0.123400 ms MarkObjects: 4.265300 ms  DeleteObjects: 0.189000 ms)

AssetImportParameters requested are different than current active one (requested -> active):
  custom:framework-win-MediaFoundation: 216162199b28c13a410421893ffa2e32 -> 
  custom:video-decoder-ogg-theora: a1e56fd34408186e4bbccfd4996cb3dc -> 
  custom:container-muxer-webm: aa71ff27fc2769a1b78a27578f13a17b -> 
  custom:container-demuxer-webm: 4f35f7cbe854078d1ac9338744f61a02 -> 
  custom:container-demuxer-ogg: 62fdf1f143b41e24485cea50d1cbac27 -> 
  custom:video-encoder-webm-vp8: eb34c28f22e8b96e1ab97ce403110664 -> 
  custom:video-decoder-webm-vp8: 9c59270c3fd7afecdb556c50c9e8de78 -> 
  custom:graphics/normal-map-encoding: 01000000000000000000000000000000 -> 02000000000000000000000000000000
  custom:audio-decoder-ogg-vorbis: bf7c407c2cedff20999df2af8eb42d56 -> 
  custom:audio-encoder-webm-vorbis: bf7c407c2cedff20999df2af8eb42d56 -> 
========================================================================
Received Import Request.
  Time since last request: 293.990727 seconds.
  path: Assets/Prefabs/LoaderManager.prefab
  artifactKey: Guid(4e4ccf70108a31240b3ea9aff0c6e860) Importer(815301076,1909f56bfc062723c751e8b465ee728b)
Start importing Assets/Prefabs/LoaderManager.prefab using Guid(4e4ccf70108a31240b3ea9aff0c6e860) Importer(815301076,1909f56bfc062723c751e8b465ee728b)  -> (artifact id: '8795240c8e441d0fe6263a044c0e93e3') in 0.068670 seconds 
  Import took 0.074484 seconds .

========================================================================
Received Import Request.
  Time since last request: 0.000763 seconds.
  path: Assets/Prefabs/LoaderManager.prefab
  artifactKey: Guid(4e4ccf70108a31240b3ea9aff0c6e860) Importer(815301076,1909f56bfc062723c751e8b465ee728b)
Start importing Assets/Prefabs/LoaderManager.prefab using Guid(4e4ccf70108a31240b3ea9aff0c6e860) Importer(815301076,1909f56bfc062723c751e8b465ee728b)  -> (artifact id: '8795240c8e441d0fe6263a044c0e93e3') in 0.005550 seconds 
  Import took 0.010268 seconds .

========================================================================
Received Prepare
Registering precompiled user dll's ...
Registered in 0.004843 seconds.
Begin MonoManager ReloadAssembly
Native extension for WindowsStandalone target not found
Refreshing native plugins compatible for Editor in 0.59 ms, found 3 plugins.
Preloading 0 native plugins for Editor in 0.00 ms.
Mono: successfully reloaded assembly
- Completed reload, in  1.577 seconds
Platform modules already initialized, skipping
Switching build target platform(19) subTarget(0) extendedPlatform(0) -> platform(13) subTarget(537395200) extendedPlatform(0)
Refreshing native plugins compatible for Editor in 0.62 ms, found 3 plugins.
Preloading 0 native plugins for Editor in 0.00 ms.
Unloading 2100 Unused Serialized files (Serialized files now loaded: 0)
System memory in use before: 93.9 MB.
System memory in use after: 93.9 MB.

Unloading 21 unused Assets to reduce memory usage. Loaded Objects now: 2559.
Total: 3.432300 ms (FindLiveObjects: 0.241400 ms CreateObjectMapping: 0.119200 ms MarkObjects: 2.913300 ms  DeleteObjects: 0.156700 ms)

AssetImportParameters requested are different than current active one (requested -> active):
  custom:framework-win-MediaFoundation: 216162199b28c13a410421893ffa2e32 -> 
  custom:video-decoder-ogg-theora: a1e56fd34408186e4bbccfd4996cb3dc -> 
  custom:container-muxer-webm: aa71ff27fc2769a1b78a27578f13a17b -> 
  custom:container-demuxer-webm: 4f35f7cbe854078d1ac9338744f61a02 -> 
  custom:container-demuxer-ogg: 62fdf1f143b41e24485cea50d1cbac27 -> 
  custom:video-encoder-webm-vp8: eb34c28f22e8b96e1ab97ce403110664 -> 
  custom:video-decoder-webm-vp8: 9c59270c3fd7afecdb556c50c9e8de78 -> 
  custom:graphics/normal-map-encoding: 01000000000000000000000000000000 -> 02000000000000000000000000000000
  custom:audio-decoder-ogg-vorbis: bf7c407c2cedff20999df2af8eb42d56 -> 
  custom:audio-encoder-webm-vorbis: bf7c407c2cedff20999df2af8eb42d56 -> 
========================================================================
Received Prepare
Registering precompiled user dll's ...
Registered in 0.004724 seconds.
Begin MonoManager ReloadAssembly
Native extension for WindowsStandalone target not found
Refreshing native plugins compatible for Editor in 0.64 ms, found 3 plugins.
Preloading 0 native plugins for Editor in 0.00 ms.
Mono: successfully reloaded assembly
- Completed reload, in  1.589 seconds
Platform modules already initialized, skipping
Switching build target platform(19) subTarget(0) extendedPlatform(0) -> platform(13) subTarget(537395200) extendedPlatform(0)
Refreshing native plugins compatible for Editor in 0.62 ms, found 3 plugins.
Preloading 0 native plugins for Editor in 0.00 ms.
Unloading 2100 Unused Serialized files (Serialized files now loaded: 0)
System memory in use before: 93.9 MB.
System memory in use after: 93.9 MB.

Unloading 21 unused Assets to reduce memory usage. Loaded Objects now: 2562.
Total: 3.563000 ms (FindLiveObjects: 0.246500 ms CreateObjectMapping: 0.117600 ms MarkObjects: 3.052900 ms  DeleteObjects: 0.144300 ms)

AssetImportParameters requested are different than current active one (requested -> active):
  custom:framework-win-MediaFoundation: 216162199b28c13a410421893ffa2e32 -> 
  custom:video-decoder-ogg-theora: a1e56fd34408186e4bbccfd4996cb3dc -> 
  custom:container-muxer-webm: aa71ff27fc2769a1b78a27578f13a17b -> 
  custom:container-demuxer-webm: 4f35f7cbe854078d1ac9338744f61a02 -> 
  custom:container-demuxer-ogg: 62fdf1f143b41e24485cea50d1cbac27 -> 
  custom:video-encoder-webm-vp8: eb34c28f22e8b96e1ab97ce403110664 -> 
  custom:video-decoder-webm-vp8: 9c59270c3fd7afecdb556c50c9e8de78 -> 
  custom:graphics/normal-map-encoding: 01000000000000000000000000000000 -> 02000000000000000000000000000000
  custom:audio-decoder-ogg-vorbis: bf7c407c2cedff20999df2af8eb42d56 -> 
  custom:audio-encoder-webm-vorbis: bf7c407c2cedff20999df2af8eb42d56 -> 
========================================================================
Received Prepare
Registering precompiled user dll's ...
Registered in 0.004794 seconds.
Begin MonoManager ReloadAssembly
Native extension for WindowsStandalone target not found
Refreshing native plugins compatible for Editor in 0.65 ms, found 3 plugins.
Preloading 0 native plugins for Editor in 0.00 ms.
Mono: successfully reloaded assembly
- Completed reload, in  1.572 seconds
Platform modules already initialized, skipping
Switching build target platform(19) subTarget(0) extendedPlatform(0) -> platform(13) subTarget(537395200) extendedPlatform(0)
Refreshing native plugins compatible for Editor in 0.60 ms, found 3 plugins.
Preloading 0 native plugins for Editor in 0.00 ms.
Unloading 2100 Unused Serialized files (Serialized files now loaded: 0)
System memory in use before: 93.9 MB.
System memory in use after: 93.9 MB.

Unloading 21 unused Assets to reduce memory usage. Loaded Objects now: 2565.
Total: 3.528700 ms (FindLiveObjects: 0.233000 ms CreateObjectMapping: 0.113200 ms MarkObjects: 3.038300 ms  DeleteObjects: 0.142900 ms)

AssetImportParameters requested are different than current active one (requested -> active):
  custom:framework-win-MediaFoundation: 216162199b28c13a410421893ffa2e32 -> 
  custom:video-decoder-ogg-theora: a1e56fd34408186e4bbccfd4996cb3dc -> 
  custom:container-muxer-webm: aa71ff27fc2769a1b78a27578f13a17b -> 
  custom:container-demuxer-webm: 4f35f7cbe854078d1ac9338744f61a02 -> 
  custom:container-demuxer-ogg: 62fdf1f143b41e24485cea50d1cbac27 -> 
  custom:video-encoder-webm-vp8: eb34c28f22e8b96e1ab97ce403110664 -> 
  custom:video-decoder-webm-vp8: 9c59270c3fd7afecdb556c50c9e8de78 -> 
  custom:graphics/normal-map-encoding: 01000000000000000000000000000000 -> 02000000000000000000000000000000
  custom:audio-decoder-ogg-vorbis: bf7c407c2cedff20999df2af8eb42d56 -> 
  custom:audio-encoder-webm-vorbis: bf7c407c2cedff20999df2af8eb42d56 -> 
========================================================================
Received Import Request.
  Time since last request: 555.489937 seconds.
  path: Assets/Game GUI Vol1/PurpleRock/PNG/GooglePlus.png
  artifactKey: Guid(dd4882e7a2d7440e59d7a8af06ea9a9c) Importer(815301076,1909f56bfc062723c751e8b465ee728b)
Start importing Assets/Game GUI Vol1/PurpleRock/PNG/GooglePlus.png using Guid(dd4882e7a2d7440e59d7a8af06ea9a9c) Importer(815301076,1909f56bfc062723c751e8b465ee728b)  -> (artifact id: 'da2f4e05bcd67c94c4c7387e8bb711c3') in 0.275861 seconds 
  Import took 0.282108 seconds .

========================================================================
Received Import Request.
  Time since last request: 0.000412 seconds.
  path: Assets/Game GUI Vol1/WoodenBlocks/PNG/GooglePlus.png
  artifactKey: Guid(b6ac349d9494c4899bb71d2f222547eb) Importer(815301076,1909f56bfc062723c751e8b465ee728b)
Start importing Assets/Game GUI Vol1/WoodenBlocks/PNG/GooglePlus.png using Guid(b6ac349d9494c4899bb71d2f222547eb) Importer(815301076,1909f56bfc062723c751e8b465ee728b)  -> (artifact id: 'd48ccac81fa08f3ba1465e2911e6a69e') in 0.049324 seconds 
  Import took 0.054740 seconds .

========================================================================
Received Import Request.
  Time since last request: 0.000395 seconds.
  path: Assets/Game GUI Vol1/PurpleRock/PNG/GooglePlus.png
  artifactKey: Guid(dd4882e7a2d7440e59d7a8af06ea9a9c) Importer(815301076,1909f56bfc062723c751e8b465ee728b)
Start importing Assets/Game GUI Vol1/PurpleRock/PNG/GooglePlus.png using Guid(dd4882e7a2d7440e59d7a8af06ea9a9c) Importer(815301076,1909f56bfc062723c751e8b465ee728b)  -> (artifact id: 'da2f4e05bcd67c94c4c7387e8bb711c3') in 0.022090 seconds 
  Import took 0.026810 seconds .

========================================================================
Received Import Request.
  Time since last request: 0.000376 seconds.
  path: Assets/Game GUI Vol1/WoodenBlocks/PNG/Home.png
  artifactKey: Guid(ca0a2ab339ca748a1981966c17c1829e) Importer(815301076,1909f56bfc062723c751e8b465ee728b)
Start importing Assets/Game GUI Vol1/WoodenBlocks/PNG/Home.png using Guid(ca0a2ab339ca748a1981966c17c1829e) Importer(815301076,1909f56bfc062723c751e8b465ee728b)  -> (artifact id: 'ca41ef112c91ddb5120358cbe09c0df3') in 0.045797 seconds 
  Import took 0.051381 seconds .

========================================================================
Received Import Request.
  Time since last request: 0.000336 seconds.
  path: Assets/Game GUI Vol1/PurpleRock/PNG/Info.png
  artifactKey: Guid(8c0ed55b3632045a293808cf3776c91d) Importer(815301076,1909f56bfc062723c751e8b465ee728b)
Start importing Assets/Game GUI Vol1/PurpleRock/PNG/Info.png using Guid(8c0ed55b3632045a293808cf3776c91d) Importer(815301076,1909f56bfc062723c751e8b465ee728b)  -> (artifact id: 'd8b27266f54eb9232ca27dcd8518939f') in 0.057434 seconds 
  Import took 0.062141 seconds .

========================================================================
Received Import Request.
  Time since last request: 0.000388 seconds.
  path: Assets/Game GUI Vol1/PurpleRock/PNG/Home.png
  artifactKey: Guid(fa2020b0e49b040ecb52762bcefdd053) Importer(815301076,1909f56bfc062723c751e8b465ee728b)
Start importing Assets/Game GUI Vol1/PurpleRock/PNG/Home.png using Guid(fa2020b0e49b040ecb52762bcefdd053) Importer(815301076,1909f56bfc062723c751e8b465ee728b)  -> (artifact id: '8ae1f02debe26c037e550a99c0ca75fc') in 0.053178 seconds 
  Import took 0.058162 seconds .

========================================================================
Received Import Request.
  Time since last request: 0.000347 seconds.
  path: Assets/Game GUI Vol1/WoodenBlocks/PNG/Info.png
  artifactKey: Guid(e2f97d3975aca4a5f975ded803cdc06b) Importer(815301076,1909f56bfc062723c751e8b465ee728b)
Start importing Assets/Game GUI Vol1/WoodenBlocks/PNG/Info.png using Guid(e2f97d3975aca4a5f975ded803cdc06b) Importer(815301076,1909f56bfc062723c751e8b465ee728b)  -> (artifact id: '42da0aaf52fb25956e9486f0faa28b41') in 0.045331 seconds 
  Import took 0.050570 seconds .

========================================================================
Received Import Request.
  Time since last request: 0.102836 seconds.
  path: Assets/Game GUI Vol1/PurpleRock/PNG/LeftArrow.png
  artifactKey: Guid(c0c6d013c6a5040b08fe99535fddb977) Importer(815301076,1909f56bfc062723c751e8b465ee728b)
Start importing Assets/Game GUI Vol1/PurpleRock/PNG/LeftArrow.png using Guid(c0c6d013c6a5040b08fe99535fddb977) Importer(815301076,1909f56bfc062723c751e8b465ee728b)  -> (artifact id: 'e243684261dff02bb46f6d26695c1c7c') in 0.041147 seconds 
  Import took 0.046760 seconds .

========================================================================
Received Import Request.
  Time since last request: 0.000381 seconds.
  path: Assets/Game GUI Vol1/WoodenBlocks/PNG/LeftArrow.png
  artifactKey: Guid(f2c06d80ab9bd4de2ae0a7876f25299d) Importer(815301076,1909f56bfc062723c751e8b465ee728b)
Start importing Assets/Game GUI Vol1/WoodenBlocks/PNG/LeftArrow.png using Guid(f2c06d80ab9bd4de2ae0a7876f25299d) Importer(815301076,1909f56bfc062723c751e8b465ee728b)  -> (artifact id: '7d291ff39b196b9c31cedfe4da94814e') in 0.040202 seconds 
  Import took 0.045618 seconds .

========================================================================
Received Import Request.
  Time since last request: 0.000342 seconds.
  path: Assets/Game GUI Vol1/PurpleRock/PNG/LeftArrow.png
  artifactKey: Guid(c0c6d013c6a5040b08fe99535fddb977) Importer(815301076,1909f56bfc062723c751e8b465ee728b)
Start importing Assets/Game GUI Vol1/PurpleRock/PNG/LeftArrow.png using Guid(c0c6d013c6a5040b08fe99535fddb977) Importer(815301076,1909f56bfc062723c751e8b465ee728b)  -> (artifact id: 'e243684261dff02bb46f6d26695c1c7c') in 0.021983 seconds 
  Import took 0.026773 seconds .

========================================================================
Received Import Request.
  Time since last request: 0.000340 seconds.
  path: Assets/Game GUI Vol1/PurpleRock/PNG/LeftArrow2.png
  artifactKey: Guid(2967f194254044f96abcd9634aaae57b) Importer(815301076,1909f56bfc062723c751e8b465ee728b)
Start importing Assets/Game GUI Vol1/PurpleRock/PNG/LeftArrow2.png using Guid(2967f194254044f96abcd9634aaae57b) Importer(815301076,1909f56bfc062723c751e8b465ee728b)  -> (artifact id: 'dad9b7131588ba1f8b6ca94a97ec85d1') in 0.063489 seconds 
  Import took 0.068272 seconds .

========================================================================
Received Import Request.
  Time since last request: 0.097169 seconds.
  path: Assets/Game GUI Vol1/WoodenBlocks/PNG/LeftArrow2.png
  artifactKey: Guid(0808619d4e2144e2aa965a8768addde2) Importer(815301076,1909f56bfc062723c751e8b465ee728b)
Start importing Assets/Game GUI Vol1/WoodenBlocks/PNG/LeftArrow2.png using Guid(0808619d4e2144e2aa965a8768addde2) Importer(815301076,1909f56bfc062723c751e8b465ee728b)  -> (artifact id: 'dec492e73df3e8a712ebde65313fceee') in 0.046808 seconds 
  Import took 0.052332 seconds .

========================================================================
Received Import Request.
  Time since last request: 0.000360 seconds.
  path: Assets/Game GUI Vol1/PurpleRock/PNG/Menu.png
  artifactKey: Guid(5607024d493b549c69e86596366a7fa2) Importer(815301076,1909f56bfc062723c751e8b465ee728b)
Start importing Assets/Game GUI Vol1/PurpleRock/PNG/Menu.png using Guid(5607024d493b549c69e86596366a7fa2) Importer(815301076,1909f56bfc062723c751e8b465ee728b)  -> (artifact id: '7bcb11dc7f2434c17f5d99abe1dc7393') in 0.052597 seconds 
  Import took 0.058340 seconds .

========================================================================
Received Import Request.
  Time since last request: 0.000438 seconds.
  path: Assets/Game GUI Vol1/WoodenBlocks/PNG/Minus.png
  artifactKey: Guid(f13dc8a456a284e7b8a7489bb427798d) Importer(815301076,1909f56bfc062723c751e8b465ee728b)
Start importing Assets/Game GUI Vol1/WoodenBlocks/PNG/Minus.png using Guid(f13dc8a456a284e7b8a7489bb427798d) Importer(815301076,1909f56bfc062723c751e8b465ee728b)  -> (artifact id: 'b1a6f6f7d8c7e95b77d721f157b528a5') in 0.048124 seconds 
  Import took 0.053279 seconds .

========================================================================
Received Import Request.
  Time since last request: 0.000361 seconds.
  path: Assets/Game GUI Vol1/PurpleRock/PNG/Minus.png
  artifactKey: Guid(9c29adab143964e72ac9925bed125d8a) Importer(815301076,1909f56bfc062723c751e8b465ee728b)
Start importing Assets/Game GUI Vol1/PurpleRock/PNG/Minus.png using Guid(9c29adab143964e72ac9925bed125d8a) Importer(815301076,1909f56bfc062723c751e8b465ee728b)  -> (artifact id: 'a7c6f319cfd1bb074f2526f96d188b8a') in 0.041378 seconds 
  Import took 0.046099 seconds .

========================================================================
Received Import Request.
  Time since last request: 0.000290 seconds.
  path: Assets/Game GUI Vol1/WoodenBlocks/PNG/LeftArrow2.png
  artifactKey: Guid(0808619d4e2144e2aa965a8768addde2) Importer(815301076,1909f56bfc062723c751e8b465ee728b)
Start importing Assets/Game GUI Vol1/WoodenBlocks/PNG/LeftArrow2.png using Guid(0808619d4e2144e2aa965a8768addde2) Importer(815301076,1909f56bfc062723c751e8b465ee728b)  -> (artifact id: 'dec492e73df3e8a712ebde65313fceee') in 0.025477 seconds 
  Import took 0.030423 seconds .

========================================================================
Received Import Request.
  Time since last request: 0.000491 seconds.
  path: Assets/Game GUI Vol1/WoodenBlocks/PNG/Menu.png
  artifactKey: Guid(21a4f3d60a402429ebe35a661aa8a158) Importer(815301076,1909f56bfc062723c751e8b465ee728b)
Start importing Assets/Game GUI Vol1/WoodenBlocks/PNG/Menu.png using Guid(21a4f3d60a402429ebe35a661aa8a158) Importer(815301076,1909f56bfc062723c751e8b465ee728b)  -> (artifact id: '45713d0dfa64a0efe29d23ca891bde93') in 0.033981 seconds 
  Import took 0.039060 seconds .

========================================================================
Received Import Request.
  Time since last request: 0.140147 seconds.
  path: Assets/Game GUI Vol1/PurpleRock/PNG/Pause.png
  artifactKey: Guid(ff8821736c16349d4b3c8dc2f5ccedcf) Importer(815301076,1909f56bfc062723c751e8b465ee728b)
Start importing Assets/Game GUI Vol1/PurpleRock/PNG/Pause.png using Guid(ff8821736c16349d4b3c8dc2f5ccedcf) Importer(815301076,1909f56bfc062723c751e8b465ee728b)  -> (artifact id: '1a6c4b972ef4748f564d340f2354ae67') in 0.090439 seconds 
  Import took 0.095365 seconds .

========================================================================
Received Import Request.
  Time since last request: 0.000350 seconds.
  path: Assets/Game GUI Vol1/PurpleRock/PNG/Play.png
  artifactKey: Guid(2f5f88874246f4ebbaca620f3cd37fad) Importer(815301076,1909f56bfc062723c751e8b465ee728b)
Start importing Assets/Game GUI Vol1/PurpleRock/PNG/Play.png using Guid(2f5f88874246f4ebbaca620f3cd37fad) Importer(815301076,1909f56bfc062723c751e8b465ee728b)  -> (artifact id: 'f6aee66019b36918cc26488b2e47ddc0') in 0.046913 seconds 
  Import took 0.051904 seconds .

========================================================================
Received Import Request.
  Time since last request: 0.000418 seconds.
  path: Assets/Game GUI Vol1/WoodenBlocks/PNG/Play.png
  artifactKey: Guid(6bb92db56863a49bf9fc5e992e334d82) Importer(815301076,1909f56bfc062723c751e8b465ee728b)
Start importing Assets/Game GUI Vol1/WoodenBlocks/PNG/Play.png using Guid(6bb92db56863a49bf9fc5e992e334d82) Importer(815301076,1909f56bfc062723c751e8b465ee728b)  -> (artifact id: '4b8ca2d395dc6e4cb751767282af5d2e') in 0.039924 seconds 
  Import took 0.045123 seconds .

========================================================================
Received Import Request.
  Time since last request: 0.000390 seconds.
  path: Assets/Game GUI Vol1/WoodenBlocks/PNG/Pause.png
  artifactKey: Guid(f06723030ef874765a5e4ed1908b0a3e) Importer(815301076,1909f56bfc062723c751e8b465ee728b)
Start importing Assets/Game GUI Vol1/WoodenBlocks/PNG/Pause.png using Guid(f06723030ef874765a5e4ed1908b0a3e) Importer(815301076,1909f56bfc062723c751e8b465ee728b)  -> (artifact id: '2a43f463b794bf3e0883383a017b52dc') in 0.040200 seconds 
  Import took 0.045901 seconds .

========================================================================
Received Import Request.
  Time since last request: 0.095069 seconds.
  path: Assets/Game GUI Vol1/WoodenBlocks/PNG/Plus.png
  artifactKey: Guid(0499308dc31514bf1be3189c00dd0814) Importer(815301076,1909f56bfc062723c751e8b465ee728b)
Start importing Assets/Game GUI Vol1/WoodenBlocks/PNG/Plus.png using Guid(0499308dc31514bf1be3189c00dd0814) Importer(815301076,1909f56bfc062723c751e8b465ee728b)  -> (artifact id: '765c6b966e1535a6de737135efb40d3d') in 0.062020 seconds 
  Import took 0.067947 seconds .

========================================================================
Received Import Request.
  Time since last request: 0.000313 seconds.
  path: Assets/Game GUI Vol1/PurpleRock/Sprites/PurpleRockBG-resized.png
  artifactKey: Guid(3fb580970ae8c48e7befdc608b11eacc) Importer(815301076,1909f56bfc062723c751e8b465ee728b)
Start importing Assets/Game GUI Vol1/PurpleRock/Sprites/PurpleRockBG-resized.png using Guid(3fb580970ae8c48e7befdc608b11eacc) Importer(815301076,1909f56bfc062723c751e8b465ee728b)  -> (artifact id: '56ad920edecf72dbddb5c3010196bf78') in 0.070205 seconds 
  Import took 0.075045 seconds .

========================================================================
Received Import Request.
  Time since last request: 0.000355 seconds.
  path: Assets/Game GUI Vol1/WoodenBlocks/PNG/Plus.png
  artifactKey: Guid(0499308dc31514bf1be3189c00dd0814) Importer(815301076,1909f56bfc062723c751e8b465ee728b)
Start importing Assets/Game GUI Vol1/WoodenBlocks/PNG/Plus.png using Guid(0499308dc31514bf1be3189c00dd0814) Importer(815301076,1909f56bfc062723c751e8b465ee728b)  -> (artifact id: '765c6b966e1535a6de737135efb40d3d') in 0.018968 seconds 
  Import took 0.023823 seconds .

========================================================================
Received Import Request.
  Time since last request: 0.000400 seconds.
  path: Assets/Game GUI Vol1/PurpleRock/PNG/Plus.png
  artifactKey: Guid(95f2deec6adc349d593041107b4f54dd) Importer(815301076,1909f56bfc062723c751e8b465ee728b)
Start importing Assets/Game GUI Vol1/PurpleRock/PNG/Plus.png using Guid(95f2deec6adc349d593041107b4f54dd) Importer(815301076,1909f56bfc062723c751e8b465ee728b)  -> (artifact id: 'dbab7ca3893614b7c524472379e3b046') in 0.078638 seconds 
  Import took 0.083456 seconds .

========================================================================
Received Import Request.
  Time since last request: 0.000339 seconds.
  path: Assets/Game GUI Vol1/PurpleRock/PNG/QuestionMark.png
  artifactKey: Guid(c80083ffcc8ea4523bd1a19b87fa03f0) Importer(815301076,1909f56bfc062723c751e8b465ee728b)
Start importing Assets/Game GUI Vol1/PurpleRock/PNG/QuestionMark.png using Guid(c80083ffcc8ea4523bd1a19b87fa03f0) Importer(815301076,1909f56bfc062723c751e8b465ee728b)  -> (artifact id: '62ae419f79faafc18e9944fd7779ffc8') in 0.062363 seconds 
  Import took 0.067486 seconds .

========================================================================
Received Import Request.
  Time since last request: 0.000377 seconds.
  path: Assets/Game GUI Vol1/WoodenBlocks/PNG/QuestionMark.png
  artifactKey: Guid(64f0a7f4e869e4a4bb5359134071e196) Importer(815301076,1909f56bfc062723c751e8b465ee728b)
Start importing Assets/Game GUI Vol1/WoodenBlocks/PNG/QuestionMark.png using Guid(64f0a7f4e869e4a4bb5359134071e196) Importer(815301076,1909f56bfc062723c751e8b465ee728b)  -> (artifact id: '02aeabebf809ea766d4798ebd27b8117') in 0.045391 seconds 
  Import took 0.050416 seconds .

========================================================================
Received Import Request.
  Time since last request: 0.000378 seconds.
  path: Assets/Game GUI Vol1/PurpleRock/PNG/Restart.png
  artifactKey: Guid(5571f1c6de6ec43b682999ea5905a215) Importer(815301076,1909f56bfc062723c751e8b465ee728b)
Start importing Assets/Game GUI Vol1/PurpleRock/PNG/Restart.png using Guid(5571f1c6de6ec43b682999ea5905a215) Importer(815301076,1909f56bfc062723c751e8b465ee728b)  -> (artifact id: '5743b00910d96e5faaf98b5bba8d0471') in 0.078206 seconds 
  Import took 0.083033 seconds .

========================================================================
Received Import Request.
  Time since last request: 0.000403 seconds.
  path: Assets/Game GUI Vol1/PurpleRock/PNG/RightArrow.png
  artifactKey: Guid(77078911f297f4bd5a569ec4570fb357) Importer(815301076,1909f56bfc062723c751e8b465ee728b)
Start importing Assets/Game GUI Vol1/PurpleRock/PNG/RightArrow.png using Guid(77078911f297f4bd5a569ec4570fb357) Importer(815301076,1909f56bfc062723c751e8b465ee728b)  -> (artifact id: '02a0d1d81a1b007bf047b4cf75137953') in 0.079170 seconds 
  Import took 0.084106 seconds .

========================================================================
Received Import Request.
  Time since last request: 0.000330 seconds.
  path: Assets/Game GUI Vol1/PurpleRock/PNG/Restart.png
  artifactKey: Guid(5571f1c6de6ec43b682999ea5905a215) Importer(815301076,1909f56bfc062723c751e8b465ee728b)
Start importing Assets/Game GUI Vol1/PurpleRock/PNG/Restart.png using Guid(5571f1c6de6ec43b682999ea5905a215) Importer(815301076,1909f56bfc062723c751e8b465ee728b)  -> (artifact id: '5743b00910d96e5faaf98b5bba8d0471') in 0.019053 seconds 
  Import took 0.024970 seconds .

========================================================================
Received Import Request.
  Time since last request: 0.000383 seconds.
  path: Assets/Game GUI Vol1/WoodenBlocks/PNG/RightArrow.png
  artifactKey: Guid(29511ee6c48ef4fe7ad496aba8b4036e) Importer(815301076,1909f56bfc062723c751e8b465ee728b)
Start importing Assets/Game GUI Vol1/WoodenBlocks/PNG/RightArrow.png using Guid(29511ee6c48ef4fe7ad496aba8b4036e) Importer(815301076,1909f56bfc062723c751e8b465ee728b)  -> (artifact id: '76f675328183b693168a592822a5730b') in 0.042143 seconds 
  Import took 0.046970 seconds .

========================================================================
Received Import Request.
  Time since last request: 0.000415 seconds.
  path: Assets/Game GUI Vol1/WoodenBlocks/PNG/Restart.png
  artifactKey: Guid(59e899b457bb24211ba8899f1a5d1d8b) Importer(815301076,1909f56bfc062723c751e8b465ee728b)
Start importing Assets/Game GUI Vol1/WoodenBlocks/PNG/Restart.png using Guid(59e899b457bb24211ba8899f1a5d1d8b) Importer(815301076,1909f56bfc062723c751e8b465ee728b)  -> (artifact id: 'e804962483e97f2ccf0e5639a4f8dd56') in 0.062142 seconds 
  Import took 0.067072 seconds .

========================================================================
Received Import Request.
  Time since last request: 0.011194 seconds.
  path: Assets/Game GUI Vol1/PurpleRock/PNG/RightArrow2.png
  artifactKey: Guid(7a9bf3ca46891465fb5d44d7ce02e2a1) Importer(815301076,1909f56bfc062723c751e8b465ee728b)
Start importing Assets/Game GUI Vol1/PurpleRock/PNG/RightArrow2.png using Guid(7a9bf3ca46891465fb5d44d7ce02e2a1) Importer(815301076,1909f56bfc062723c751e8b465ee728b)  -> (artifact id: '0115ad85faa7ecd307f0d5a2a2306284') in 0.041754 seconds 
  Import took 0.046688 seconds .

========================================================================
Received Import Request.
  Time since last request: 0.000378 seconds.
  path: Assets/Game GUI Vol1/WoodenBlocks/PNG/RightArrow2.png
  artifactKey: Guid(306b16567939347c78cf9ab470a783ca) Importer(815301076,1909f56bfc062723c751e8b465ee728b)
Start importing Assets/Game GUI Vol1/WoodenBlocks/PNG/RightArrow2.png using Guid(306b16567939347c78cf9ab470a783ca) Importer(815301076,1909f56bfc062723c751e8b465ee728b)  -> (artifact id: '1702665c2e197bf081c5f414e55b3412') in 0.034933 seconds 
  Import took 0.040026 seconds .

========================================================================
Received Import Request.
  Time since last request: 0.000369 seconds.
  path: Assets/Game GUI Vol1/WoodenBlocks/PNG/Settings.png
  artifactKey: Guid(2404a35a318704f1583a4173e501e002) Importer(815301076,1909f56bfc062723c751e8b465ee728b)
Start importing Assets/Game GUI Vol1/WoodenBlocks/PNG/Settings.png using Guid(2404a35a318704f1583a4173e501e002) Importer(815301076,1909f56bfc062723c751e8b465ee728b)  -> (artifact id: 'f6d4dad8be7f56a7f3bc2f0a48cf370b') in 0.047891 seconds 
  Import took 0.053349 seconds .

========================================================================
Received Import Request.
  Time since last request: 0.152514 seconds.
  path: Assets/Game GUI Vol1/PurpleRock/PNG/Settings.png
  artifactKey: Guid(b19489b3ffbd6417989ea6d8d96437e4) Importer(815301076,1909f56bfc062723c751e8b465ee728b)
Start importing Assets/Game GUI Vol1/PurpleRock/PNG/Settings.png using Guid(b19489b3ffbd6417989ea6d8d96437e4) Importer(815301076,1909f56bfc062723c751e8b465ee728b)  -> (artifact id: 'd77b0a7ab6096c1dcf5ba66c45fccce1') in 0.084059 seconds 
  Import took 0.089069 seconds .

========================================================================
Received Import Request.
  Time since last request: 0.000400 seconds.
  path: Assets/Game GUI Vol1/PurpleRock/PNG/Shop.png
  artifactKey: Guid(1402e28f6b5254db2a8c7e8a008025c0) Importer(815301076,1909f56bfc062723c751e8b465ee728b)
Start importing Assets/Game GUI Vol1/PurpleRock/PNG/Shop.png using Guid(1402e28f6b5254db2a8c7e8a008025c0) Importer(815301076,1909f56bfc062723c751e8b465ee728b)  -> (artifact id: '39aa9947a4b40110514bb3ad71797def') in 0.098124 seconds 
  Import took 0.103038 seconds .

========================================================================
Received Import Request.
  Time since last request: 0.000293 seconds.
  path: Assets/Game GUI Vol1/WoodenBlocks/PNG/SoundOFF.png
  artifactKey: Guid(c66941a5047f24dadb66035a5ed07773) Importer(815301076,1909f56bfc062723c751e8b465ee728b)
Start importing Assets/Game GUI Vol1/WoodenBlocks/PNG/SoundOFF.png using Guid(c66941a5047f24dadb66035a5ed07773) Importer(815301076,1909f56bfc062723c751e8b465ee728b)  -> (artifact id: '643b92511df6b67a09de67bea748d3d9') in 0.085213 seconds 
  Import took 0.095861 seconds .

========================================================================
Received Import Request.
  Time since last request: 0.000326 seconds.
  path: Assets/Game GUI Vol1/PurpleRock/PNG/SoundOFF.png
  artifactKey: Guid(f4877361b6507457d80b5102839b4cdb) Importer(815301076,1909f56bfc062723c751e8b465ee728b)
Start importing Assets/Game GUI Vol1/PurpleRock/PNG/SoundOFF.png using Guid(f4877361b6507457d80b5102839b4cdb) Importer(815301076,1909f56bfc062723c751e8b465ee728b)  -> (artifact id: '62513901d8e1244a57a42a6a03327454') in 0.040789 seconds 
  Import took 0.045281 seconds .

========================================================================
Received Import Request.
  Time since last request: 0.000410 seconds.
  path: Assets/Game GUI Vol1/WoodenBlocks/PNG/Shop.png
  artifactKey: Guid(2bd72e24f280d472db2eeda221ac6b4b) Importer(815301076,1909f56bfc062723c751e8b465ee728b)
Start importing Assets/Game GUI Vol1/WoodenBlocks/PNG/Shop.png using Guid(2bd72e24f280d472db2eeda221ac6b4b) Importer(815301076,1909f56bfc062723c751e8b465ee728b)  -> (artifact id: 'f870b7488f0f28089bf75978faf982ca') in 0.052707 seconds 
  Import took 0.057737 seconds .

========================================================================
Received Import Request.
  Time since last request: 0.000337 seconds.
  path: Assets/Game GUI Vol1/WoodenBlocks/PNG/SoundON.png
  artifactKey: Guid(1f146482e13454138889e7b21267f3dc) Importer(815301076,1909f56bfc062723c751e8b465ee728b)
Start importing Assets/Game GUI Vol1/WoodenBlocks/PNG/SoundON.png using Guid(1f146482e13454138889e7b21267f3dc) Importer(815301076,1909f56bfc062723c751e8b465ee728b)  -> (artifact id: 'bc96d3f362449f21b9ccdc734a50b7d0') in 0.054128 seconds 
  Import took 0.058744 seconds .

========================================================================
Received Import Request.
  Time since last request: 0.000413 seconds.
  path: Assets/Game GUI Vol1/PurpleRock/PNG/SoundON.png
  artifactKey: Guid(aebe8973df4444fb096d979f24b536bf) Importer(815301076,1909f56bfc062723c751e8b465ee728b)
Start importing Assets/Game GUI Vol1/PurpleRock/PNG/SoundON.png using Guid(aebe8973df4444fb096d979f24b536bf) Importer(815301076,1909f56bfc062723c751e8b465ee728b)  -> (artifact id: 'fd39f1bc855c81d91090d51bf1f59b94') in 0.058485 seconds 
  Import took 0.063559 seconds .

========================================================================
Received Import Request.
  Time since last request: 0.000350 seconds.
  path: Assets/Game GUI Vol1/WoodenBlocks/PNG/Star.png
  artifactKey: Guid(e1e3e64dac28149d1bf7e15801897c70) Importer(815301076,1909f56bfc062723c751e8b465ee728b)
Start importing Assets/Game GUI Vol1/WoodenBlocks/PNG/Star.png using Guid(e1e3e64dac28149d1bf7e15801897c70) Importer(815301076,1909f56bfc062723c751e8b465ee728b)  -> (artifact id: '3e0a53245666817f372816e9ed6e1108') in 0.052612 seconds 
  Import took 0.058399 seconds .

========================================================================
Received Import Request.
  Time since last request: 0.000359 seconds.
  path: Assets/Game GUI Vol1/PurpleRock/PNG/Star.png
  artifactKey: Guid(0fd1070f9532941f6a6fdf5719a3fd1a) Importer(815301076,1909f56bfc062723c751e8b465ee728b)
Start importing Assets/Game GUI Vol1/PurpleRock/PNG/Star.png using Guid(0fd1070f9532941f6a6fdf5719a3fd1a) Importer(815301076,1909f56bfc062723c751e8b465ee728b)  -> (artifact id: 'c92138842095afff691b61f059b907ff') in 0.046586 seconds 
  Import took 0.051402 seconds .

========================================================================
Received Import Request.
  Time since last request: 0.004525 seconds.
  path: Assets/Game GUI Vol1/PurpleRock/PNG/Star.png
  artifactKey: Guid(0fd1070f9532941f6a6fdf5719a3fd1a) Importer(815301076,1909f56bfc062723c751e8b465ee728b)
Start importing Assets/Game GUI Vol1/PurpleRock/PNG/Star.png using Guid(0fd1070f9532941f6a6fdf5719a3fd1a) Importer(815301076,1909f56bfc062723c751e8b465ee728b)  -> (artifact id: 'c92138842095afff691b61f059b907ff') in 0.018854 seconds 
  Import took 0.024122 seconds .

========================================================================
Received Import Request.
  Time since last request: 0.077451 seconds.
  path: Assets/Game GUI Vol1/PurpleRock/PNG/Trophy.png
  artifactKey: Guid(6da6a02d4b7c14e9b97f5be021635cf6) Importer(815301076,1909f56bfc062723c751e8b465ee728b)
Start importing Assets/Game GUI Vol1/PurpleRock/PNG/Trophy.png using Guid(6da6a02d4b7c14e9b97f5be021635cf6) Importer(815301076,1909f56bfc062723c751e8b465ee728b)  -> (artifact id: '177fb8fb10f6a00ed045626877bb92a8') in 0.079895 seconds 
  Import took 0.084756 seconds .

========================================================================
Received Import Request.
  Time since last request: 0.000400 seconds.
  path: Assets/Game GUI Vol1/WoodenBlocks/PNG/Trophy.png
  artifactKey: Guid(368f6f2553af84f4fb74cea5340541ed) Importer(815301076,1909f56bfc062723c751e8b465ee728b)
Start importing Assets/Game GUI Vol1/WoodenBlocks/PNG/Trophy.png using Guid(368f6f2553af84f4fb74cea5340541ed) Importer(815301076,1909f56bfc062723c751e8b465ee728b)  -> (artifact id: 'a24bd14f2ede171c4a2d5cb42390a623') in 0.050718 seconds 
  Import took 0.055663 seconds .

========================================================================
Received Import Request.
  Time since last request: 0.000338 seconds.
  path: Assets/Game GUI Vol1/PurpleRock/PNG/Trophy.png
  artifactKey: Guid(6da6a02d4b7c14e9b97f5be021635cf6) Importer(815301076,1909f56bfc062723c751e8b465ee728b)
Start importing Assets/Game GUI Vol1/PurpleRock/PNG/Trophy.png using Guid(6da6a02d4b7c14e9b97f5be021635cf6) Importer(815301076,1909f56bfc062723c751e8b465ee728b)  -> (artifact id: '177fb8fb10f6a00ed045626877bb92a8') in 0.020166 seconds 
  Import took 0.025761 seconds .

========================================================================
Received Import Request.
  Time since last request: 0.000378 seconds.
  path: Assets/Game GUI Vol1/WoodenBlocks/PNG/Trophy.png
  artifactKey: Guid(368f6f2553af84f4fb74cea5340541ed) Importer(815301076,1909f56bfc062723c751e8b465ee728b)
Start importing Assets/Game GUI Vol1/WoodenBlocks/PNG/Trophy.png using Guid(368f6f2553af84f4fb74cea5340541ed) Importer(815301076,1909f56bfc062723c751e8b465ee728b)  -> (artifact id: 'a24bd14f2ede171c4a2d5cb42390a623') in 0.019662 seconds 
  Import took 0.024509 seconds .

========================================================================
Received Import Request.
  Time since last request: 0.109888 seconds.
  path: Assets/Game GUI Vol1/WoodenBlocks/PNG/UpArrow.png
  artifactKey: Guid(067be74ecf0444595a2a4825969316ba) Importer(815301076,1909f56bfc062723c751e8b465ee728b)
Start importing Assets/Game GUI Vol1/WoodenBlocks/PNG/UpArrow.png using Guid(067be74ecf0444595a2a4825969316ba) Importer(815301076,1909f56bfc062723c751e8b465ee728b)  -> (artifact id: 'eef29812fc0d5c4b73290cc059dcb5fa') in 0.064258 seconds 
  Import took 0.069535 seconds .

========================================================================
Received Import Request.
  Time since last request: 0.000377 seconds.
  path: Assets/Game GUI Vol1/PurpleRock/PNG/UpArrow.png
  artifactKey: Guid(9d38a27b414cd4aa8a1b03f38b9ddcb0) Importer(815301076,1909f56bfc062723c751e8b465ee728b)
Start importing Assets/Game GUI Vol1/PurpleRock/PNG/UpArrow.png using Guid(9d38a27b414cd4aa8a1b03f38b9ddcb0) Importer(815301076,1909f56bfc062723c751e8b465ee728b)  -> (artifact id: '4e0ac99bb29bf3e52f36d16adfacd029') in 0.046579 seconds 
  Import took 0.051461 seconds .

========================================================================
Received Prepare
Registering precompiled user dll's ...
Registered in 0.004935 seconds.
Begin MonoManager ReloadAssembly
Native extension for WindowsStandalone target not found
Refreshing native plugins compatible for Editor in 0.65 ms, found 3 plugins.
Preloading 0 native plugins for Editor in 0.00 ms.
Mono: successfully reloaded assembly
- Completed reload, in  1.576 seconds
Platform modules already initialized, skipping
Switching build target platform(19) subTarget(0) extendedPlatform(0) -> platform(13) subTarget(537395200) extendedPlatform(0)
Refreshing native plugins compatible for Editor in 0.62 ms, found 3 plugins.
Preloading 0 native plugins for Editor in 0.00 ms.
Unloading 2100 Unused Serialized files (Serialized files now loaded: 0)
System memory in use before: 96.9 MB.
System memory in use after: 96.9 MB.

Unloading 21 unused Assets to reduce memory usage. Loaded Objects now: 2580.
Total: 3.425400 ms (FindLiveObjects: 0.239300 ms CreateObjectMapping: 0.112800 ms MarkObjects: 2.927100 ms  DeleteObjects: 0.144700 ms)

AssetImportParameters requested are different than current active one (requested -> active):
  custom:framework-win-MediaFoundation: 216162199b28c13a410421893ffa2e32 -> 
  custom:video-decoder-ogg-theora: a1e56fd34408186e4bbccfd4996cb3dc -> 
  custom:container-muxer-webm: aa71ff27fc2769a1b78a27578f13a17b -> 
  custom:container-demuxer-webm: 4f35f7cbe854078d1ac9338744f61a02 -> 
  custom:container-demuxer-ogg: 62fdf1f143b41e24485cea50d1cbac27 -> 
  custom:video-encoder-webm-vp8: eb34c28f22e8b96e1ab97ce403110664 -> 
  custom:video-decoder-webm-vp8: 9c59270c3fd7afecdb556c50c9e8de78 -> 
  custom:graphics/normal-map-encoding: 01000000000000000000000000000000 -> 02000000000000000000000000000000
  custom:audio-decoder-ogg-vorbis: bf7c407c2cedff20999df2af8eb42d56 -> 
  custom:audio-encoder-webm-vorbis: bf7c407c2cedff20999df2af8eb42d56 -> 
========================================================================
Received Import Request.
  Time since last request: 388.292682 seconds.
  path: Assets/Sprites/Icons
  artifactKey: Guid(af680c6d9f47122418451a2f36a4760b) Importer(815301076,1909f56bfc062723c751e8b465ee728b)
Start importing Assets/Sprites/Icons using Guid(af680c6d9f47122418451a2f36a4760b) Importer(815301076,1909f56bfc062723c751e8b465ee728b)  -> (artifact id: 'b608b04bf413489d3d3416930cd24b04') in 0.015899 seconds 
  Import took 0.021734 seconds .

========================================================================
Received Import Request.
  Time since last request: 4.881775 seconds.
  path: Assets/Sprites/Icons/icon_karapan.png
  artifactKey: Guid(160bb48c35019494e88d08b8b760ab4f) Importer(815301076,1909f56bfc062723c751e8b465ee728b)
Start importing Assets/Sprites/Icons/icon_karapan.png using Guid(160bb48c35019494e88d08b8b760ab4f) Importer(815301076,1909f56bfc062723c751e8b465ee728b)  -> (artifact id: 'c8897e25799a20fb9d4da51282269a57') in 0.079668 seconds 
  Import took 0.084506 seconds .

========================================================================
Received Prepare
Refreshing native plugins compatible for Editor in 8.29 ms, found 3 plugins.
Preloading 0 native plugins for Editor in 0.00 ms.
Unloading 19 Unused Serialized files (Serialized files now loaded: 0)
System memory in use before: 56.0 MB.
System memory in use after: 56.0 MB.

Unloading 19 unused Assets to reduce memory usage. Loaded Objects now: 2583.
Total: 6.920300 ms (FindLiveObjects: 0.466600 ms CreateObjectMapping: 0.211700 ms MarkObjects: 5.997200 ms  DeleteObjects: 0.242400 ms)

AssetImportParameters requested are different than current active one (requested -> active):
  custom:framework-win-MediaFoundation: 216162199b28c13a410421893ffa2e32 -> 
  custom:video-decoder-ogg-theora: a1e56fd34408186e4bbccfd4996cb3dc -> 
  custom:container-muxer-webm: aa71ff27fc2769a1b78a27578f13a17b -> 
  custom:container-demuxer-webm: 4f35f7cbe854078d1ac9338744f61a02 -> 
  custom:container-demuxer-ogg: 62fdf1f143b41e24485cea50d1cbac27 -> 
  custom:video-encoder-webm-vp8: eb34c28f22e8b96e1ab97ce403110664 -> 
  custom:video-decoder-webm-vp8: 9c59270c3fd7afecdb556c50c9e8de78 -> 
  custom:audio-decoder-ogg-vorbis: bf7c407c2cedff20999df2af8eb42d56 -> 
  custom:audio-encoder-webm-vorbis: bf7c407c2cedff20999df2af8eb42d56 -> 
========================================================================
Received Prepare
Registering precompiled user dll's ...
Registered in 0.003629 seconds.
Begin MonoManager ReloadAssembly
Native extension for WindowsStandalone target not found
Refreshing native plugins compatible for Editor in 0.47 ms, found 3 plugins.
Preloading 0 native plugins for Editor in 0.00 ms.
Mono: successfully reloaded assembly
- Completed reload, in  1.078 seconds
Platform modules already initialized, skipping
Switching build target platform(19) subTarget(0) extendedPlatform(0) -> platform(13) subTarget(537395200) extendedPlatform(0)
Refreshing native plugins compatible for Editor in 0.54 ms, found 3 plugins.
Preloading 0 native plugins for Editor in 0.00 ms.
Unloading 2100 Unused Serialized files (Serialized files now loaded: 0)
System memory in use before: 97.0 MB.
System memory in use after: 96.9 MB.

Unloading 21 unused Assets to reduce memory usage. Loaded Objects now: 2586.
Total: 3.047600 ms (FindLiveObjects: 0.280900 ms CreateObjectMapping: 0.183500 ms MarkObjects: 2.463800 ms  DeleteObjects: 0.117900 ms)

AssetImportParameters requested are different than current active one (requested -> active):
  custom:framework-win-MediaFoundation: 216162199b28c13a410421893ffa2e32 -> 
  custom:video-decoder-ogg-theora: a1e56fd34408186e4bbccfd4996cb3dc -> 
  custom:container-muxer-webm: aa71ff27fc2769a1b78a27578f13a17b -> 
  custom:container-demuxer-webm: 4f35f7cbe854078d1ac9338744f61a02 -> 
  custom:container-demuxer-ogg: 62fdf1f143b41e24485cea50d1cbac27 -> 
  custom:video-encoder-webm-vp8: eb34c28f22e8b96e1ab97ce403110664 -> 
  custom:video-decoder-webm-vp8: 9c59270c3fd7afecdb556c50c9e8de78 -> 
  custom:graphics/normal-map-encoding: 01000000000000000000000000000000 -> 02000000000000000000000000000000
  custom:audio-decoder-ogg-vorbis: bf7c407c2cedff20999df2af8eb42d56 -> 
  custom:audio-encoder-webm-vorbis: bf7c407c2cedff20999df2af8eb42d56 -> 
AssetImportWorkerClient::OnTransportError - code=2 error=End of file
